<?xml version="1.0" encoding="UTF-8"?>
<!-- Generated by org.testng.reporters.JUnitReportReporter -->
<testsuite skipped="0" hostname="Gideon-PC" name="edu.ust.seis.pos.test.IntegrationTest" tests="1" failures="0" timestamp="08 Dec 2017 03:32:27 GMT" time="1.123" errors="0">
  <testcase name="testConfirmAdminUserExist" time="1.123" classname="edu.ust.seis.pos.test.IntegrationTest"/>
</testsuite> <!-- edu.ust.seis.pos.test.IntegrationTest -->
